{"/Users/luke/reservebox-client/client/src/components/calendar.jsx": {"path":"/Users/luke/reservebox-client/client/src/components/calendar.jsx","statementMap":{"0":{"start":{"line":3,"column":14},"end":{"line":3,"column":56}},"1":{"start":{"line":8,"column":4},"end":{"line":8,"column":17}},"2":{"start":{"line":9,"column":4},"end":{"line":11,"column":6}},"3":{"start":{"line":14,"column":18},"end":{"line":20,"column":1}},"4":{"start":{"line":15,"column":21},"end":{"line":15,"column":42}},"5":{"start":{"line":16,"column":19},"end":{"line":18,"column":29}},"6":{"start":{"line":19,"column":3},"end":{"line":19,"column":19}},"7":{"start":{"line":22,"column":14},"end":{"line":30,"column":3}},"8":{"start":{"line":23,"column":17},"end":{"line":23,"column":19}},"9":{"start":{"line":24,"column":4},"end":{"line":28,"column":5}},"10":{"start":{"line":24,"column":17},"end":{"line":24,"column":18}},"11":{"start":{"line":25,"column":6},"end":{"line":27,"column":8}},"12":{"start":{"line":29,"column":4},"end":{"line":29,"column":18}},"13":{"start":{"line":32,"column":13},"end":{"line":43,"column":3}},"14":{"start":{"line":33,"column":21},"end":{"line":33,"column":42}},"15":{"start":{"line":34,"column":22},"end":{"line":34,"column":24}},"16":{"start":{"line":35,"column":4},"end":{"line":41,"column":5}},"17":{"start":{"line":35,"column":17},"end":{"line":35,"column":18}},"18":{"start":{"line":36,"column":6},"end":{"line":40,"column":8}},"19":{"start":{"line":42,"column":4},"end":{"line":42,"column":23}},"20":{"start":{"line":49,"column":22},"end":{"line":51,"column":5}},"21":{"start":{"line":50,"column":6},"end":{"line":50,"column":40}},"22":{"start":{"line":53,"column":22},"end":{"line":55,"column":5}},"23":{"start":{"line":54,"column":6},"end":{"line":54,"column":41}},"24":{"start":{"line":57,"column":23},"end":{"line":59,"column":5}},"25":{"start":{"line":58,"column":6},"end":{"line":58,"column":43}},"26":{"start":{"line":61,"column":4},"end":{"line":70,"column":6}}},"fnMap":{"0":{"name":"(anonymous_0)","decl":{"start":{"line":7,"column":2},"end":{"line":7,"column":3}},"loc":{"start":{"line":7,"column":21},"end":{"line":12,"column":3}},"line":7},"1":{"name":"(anonymous_1)","decl":{"start":{"line":14,"column":18},"end":{"line":14,"column":19}},"loc":{"start":{"line":14,"column":24},"end":{"line":20,"column":1}},"line":14},"2":{"name":"(anonymous_2)","decl":{"start":{"line":22,"column":14},"end":{"line":22,"column":15}},"loc":{"start":{"line":22,"column":20},"end":{"line":30,"column":3}},"line":22},"3":{"name":"(anonymous_3)","decl":{"start":{"line":32,"column":13},"end":{"line":32,"column":14}},"loc":{"start":{"line":32,"column":19},"end":{"line":43,"column":3}},"line":32},"4":{"name":"(anonymous_4)","decl":{"start":{"line":48,"column":2},"end":{"line":48,"column":3}},"loc":{"start":{"line":48,"column":11},"end":{"line":71,"column":3}},"line":48},"5":{"name":"(anonymous_5)","decl":{"start":{"line":49,"column":34},"end":{"line":49,"column":35}},"loc":{"start":{"line":50,"column":6},"end":{"line":50,"column":40}},"line":50},"6":{"name":"(anonymous_6)","decl":{"start":{"line":53,"column":45},"end":{"line":53,"column":46}},"loc":{"start":{"line":54,"column":6},"end":{"line":54,"column":41}},"line":54},"7":{"name":"(anonymous_7)","decl":{"start":{"line":57,"column":45},"end":{"line":57,"column":46}},"loc":{"start":{"line":58,"column":6},"end":{"line":58,"column":43}},"line":58}},"branchMap":{},"s":{"0":1,"1":13,"2":13,"3":13,"4":52,"5":52,"6":52,"7":13,"8":13,"9":13,"10":13,"11":39,"12":13,"13":13,"14":13,"15":13,"16":13,"17":13,"18":396,"19":13,"20":13,"21":91,"22":13,"23":39,"24":13,"25":396,"26":13},"f":{"0":13,"1":52,"2":13,"3":13,"4":13,"5":91,"6":39,"7":396},"b":{},"_coverageSchema":"1a1c01bbd47fc00a2c39e90264f33305004495a9","hash":"9fcf4bcc68921b37b7cd6f95657a5dcd5b784f53"}
,"/Users/luke/reservebox-client/client/src/components/slider.jsx": {"path":"/Users/luke/reservebox-client/client/src/components/slider.jsx","statementMap":{"0":{"start":{"line":7,"column":4},"end":{"line":7,"column":17}},"1":{"start":{"line":8,"column":4},"end":{"line":10,"column":6}},"2":{"start":{"line":15,"column":4},"end":{"line":21,"column":6}}},"fnMap":{"0":{"name":"(anonymous_0)","decl":{"start":{"line":6,"column":2},"end":{"line":6,"column":3}},"loc":{"start":{"line":6,"column":21},"end":{"line":11,"column":3}},"line":6},"1":{"name":"(anonymous_1)","decl":{"start":{"line":13,"column":2},"end":{"line":13,"column":3}},"loc":{"start":{"line":13,"column":11},"end":{"line":22,"column":3}},"line":13}},"branchMap":{},"s":{"0":1,"1":1,"2":1},"f":{"0":1,"1":1},"b":{},"_coverageSchema":"1a1c01bbd47fc00a2c39e90264f33305004495a9","hash":"6e05d02c4ac190ea72c26d5c7be89d5daa44dc8d"}
,"/Users/luke/reservebox-client/client/src/components/sliderContent.jsx": {"path":"/Users/luke/reservebox-client/client/src/components/sliderContent.jsx","statementMap":{"0":{"start":{"line":8,"column":4},"end":{"line":8,"column":17}},"1":{"start":{"line":9,"column":4},"end":{"line":11,"column":6}},"2":{"start":{"line":12,"column":4},"end":{"line":12,"column":59}},"3":{"start":{"line":16,"column":20},"end":{"line":25,"column":3}},"4":{"start":{"line":17,"column":21},"end":{"line":17,"column":23}},"5":{"start":{"line":18,"column":4},"end":{"line":22,"column":5}},"6":{"start":{"line":18,"column":17},"end":{"line":18,"column":18}},"7":{"start":{"line":19,"column":18},"end":{"line":19,"column":47}},"8":{"start":{"line":20,"column":6},"end":{"line":20,"column":32}},"9":{"start":{"line":21,"column":6},"end":{"line":21,"column":29}},"10":{"start":{"line":23,"column":4},"end":{"line":23,"column":28}},"11":{"start":{"line":24,"column":4},"end":{"line":24,"column":22}},"12":{"start":{"line":32,"column":22},"end":{"line":33,"column":44}},"13":{"start":{"line":33,"column":6},"end":{"line":33,"column":43}},"14":{"start":{"line":35,"column":4},"end":{"line":39,"column":6}}},"fnMap":{"0":{"name":"(anonymous_0)","decl":{"start":{"line":7,"column":2},"end":{"line":7,"column":3}},"loc":{"start":{"line":7,"column":21},"end":{"line":14,"column":3}},"line":7},"1":{"name":"(anonymous_1)","decl":{"start":{"line":16,"column":20},"end":{"line":16,"column":21}},"loc":{"start":{"line":16,"column":26},"end":{"line":25,"column":3}},"line":16},"2":{"name":"(anonymous_2)","decl":{"start":{"line":27,"column":2},"end":{"line":27,"column":3}},"loc":{"start":{"line":27,"column":11},"end":{"line":40,"column":3}},"line":27},"3":{"name":"(anonymous_3)","decl":{"start":{"line":32,"column":49},"end":{"line":32,"column":50}},"loc":{"start":{"line":33,"column":6},"end":{"line":33,"column":43}},"line":33}},"branchMap":{},"s":{"0":1,"1":1,"2":1,"3":1,"4":1,"5":1,"6":1,"7":12,"8":12,"9":12,"10":1,"11":1,"12":1,"13":12,"14":1},"f":{"0":1,"1":1,"2":1,"3":12},"b":{},"_coverageSchema":"1a1c01bbd47fc00a2c39e90264f33305004495a9","hash":"6f5ef44f315c8a6f09f6e7a8b6c34d2945361ad9"}
}
