TN:
SF:client/src/components/calendar.jsx
FN:7,(anonymous_0)
FN:14,(anonymous_1)
FN:22,(anonymous_2)
FN:32,(anonymous_3)
FN:48,(anonymous_4)
FN:49,(anonymous_5)
FN:53,(anonymous_6)
FN:57,(anonymous_7)
FNF:8
FNH:8
FNDA:13,(anonymous_0)
FNDA:52,(anonymous_1)
FNDA:13,(anonymous_2)
FNDA:13,(anonymous_3)
FNDA:13,(anonymous_4)
FNDA:91,(anonymous_5)
FNDA:39,(anonymous_6)
FNDA:396,(anonymous_7)
DA:3,1
DA:8,13
DA:9,13
DA:14,13
DA:15,52
DA:16,52
DA:19,52
DA:22,13
DA:23,13
DA:24,13
DA:25,39
DA:29,13
DA:32,13
DA:33,13
DA:34,13
DA:35,13
DA:36,396
DA:42,13
DA:49,13
DA:50,91
DA:53,13
DA:54,39
DA:57,13
DA:58,396
DA:61,13
LF:25
LH:25
BRF:0
BRH:0
end_of_record
TN:
SF:client/src/components/slider.jsx
FN:6,(anonymous_0)
FN:13,(anonymous_1)
FNF:2
FNH:2
FNDA:1,(anonymous_0)
FNDA:1,(anonymous_1)
DA:7,1
DA:8,1
DA:15,1
LF:3
LH:3
BRF:0
BRH:0
end_of_record
TN:
SF:client/src/components/sliderContent.jsx
FN:7,(anonymous_0)
FN:16,(anonymous_1)
FN:27,(anonymous_2)
FN:32,(anonymous_3)
FNF:4
FNH:4
FNDA:1,(anonymous_0)
FNDA:1,(anonymous_1)
FNDA:1,(anonymous_2)
FNDA:12,(anonymous_3)
DA:8,1
DA:9,1
DA:12,1
DA:16,1
DA:17,1
DA:18,1
DA:19,12
DA:20,12
DA:21,12
DA:23,1
DA:24,1
DA:32,1
DA:33,12
DA:35,1
LF:14
LH:14
BRF:0
BRH:0
end_of_record
